<?xml version="1.0" encoding="UTF-8"?>
<testsuite xmlns:xsi="http://www.w3.org/2001/XMLSchema-instance" xsi:noNamespaceSchemaLocation="https://maven.apache.org/surefire/maven-surefire-plugin/xsd/surefire-test-report.xsd" name="Runners.TestRunner" time="70.714" tests="14" errors="0" skipped="0" failures="0">
  <properties>
    <property name="gopherProxySet" value="false"/>
    <property name="awt.toolkit" value="sun.lwawt.macosx.LWCToolkit"/>
    <property name="java.specification.version" value="11"/>
    <property name="sun.cpu.isalist" value=""/>
    <property name="sun.jnu.encoding" value="UTF-8"/>
    <property name="java.class.path" value="/Users/cloudprimero/IdeaProjects/SWAssessmentSauceDemo/target/test-classes:/Users/cloudprimero/IdeaProjects/SWAssessmentSauceDemo/target/classes:/Users/cloudprimero/.m2/repository/io/cucumber/cucumber-java/6.10.4/cucumber-java-6.10.4.jar:/Users/cloudprimero/.m2/repository/io/cucumber/cucumber-core/6.10.4/cucumber-core-6.10.4.jar:/Users/cloudprimero/.m2/repository/io/cucumber/cucumber-gherkin/6.10.4/cucumber-gherkin-6.10.4.jar:/Users/cloudprimero/.m2/repository/io/cucumber/cucumber-gherkin-messages/6.10.4/cucumber-gherkin-messages-6.10.4.jar:/Users/cloudprimero/.m2/repository/io/cucumber/messages/15.0.0/messages-15.0.0.jar:/Users/cloudprimero/.m2/repository/io/cucumber/tag-expressions/3.0.1/tag-expressions-3.0.1.jar:/Users/cloudprimero/.m2/repository/io/cucumber/cucumber-expressions/10.3.0/cucumber-expressions-10.3.0.jar:/Users/cloudprimero/.m2/repository/io/cucumber/datatable/3.5.0/datatable-3.5.0.jar:/Users/cloudprimero/.m2/repository/io/cucumber/cucumber-plugin/6.10.4/cucumber-plugin-6.10.4.jar:/Users/cloudprimero/.m2/repository/io/cucumber/docstring/6.10.4/docstring-6.10.4.jar:/Users/cloudprimero/.m2/repository/io/cucumber/html-formatter/13.0.0/html-formatter-13.0.0.jar:/Users/cloudprimero/.m2/repository/io/cucumber/create-meta/4.0.0/create-meta-4.0.0.jar:/Users/cloudprimero/.m2/repository/org/apiguardian/apiguardian-api/1.1.1/apiguardian-api-1.1.1.jar:/Users/cloudprimero/.m2/repository/io/cucumber/cucumber-testng/6.10.4/cucumber-testng-6.10.4.jar:/Users/cloudprimero/.m2/repository/org/testng/testng/7.4.0/testng-7.4.0.jar:/Users/cloudprimero/.m2/repository/com/beust/jcommander/1.78/jcommander-1.78.jar:/Users/cloudprimero/.m2/repository/org/webjars/jquery/3.5.1/jquery-3.5.1.jar:/Users/cloudprimero/.m2/repository/org/seleniumhq/selenium/selenium-java/3.141.59/selenium-java-3.141.59.jar:/Users/cloudprimero/.m2/repository/org/seleniumhq/selenium/selenium-api/3.141.59/selenium-api-3.141.59.jar:/Users/cloudprimero/.m2/repository/org/seleniumhq/selenium/selenium-chrome-driver/3.141.59/selenium-chrome-driver-3.141.59.jar:/Users/cloudprimero/.m2/repository/org/seleniumhq/selenium/selenium-edge-driver/3.141.59/selenium-edge-driver-3.141.59.jar:/Users/cloudprimero/.m2/repository/org/seleniumhq/selenium/selenium-firefox-driver/3.141.59/selenium-firefox-driver-3.141.59.jar:/Users/cloudprimero/.m2/repository/org/seleniumhq/selenium/selenium-ie-driver/3.141.59/selenium-ie-driver-3.141.59.jar:/Users/cloudprimero/.m2/repository/org/seleniumhq/selenium/selenium-opera-driver/3.141.59/selenium-opera-driver-3.141.59.jar:/Users/cloudprimero/.m2/repository/org/seleniumhq/selenium/selenium-remote-driver/3.141.59/selenium-remote-driver-3.141.59.jar:/Users/cloudprimero/.m2/repository/org/seleniumhq/selenium/selenium-safari-driver/3.141.59/selenium-safari-driver-3.141.59.jar:/Users/cloudprimero/.m2/repository/org/seleniumhq/selenium/selenium-support/3.141.59/selenium-support-3.141.59.jar:/Users/cloudprimero/.m2/repository/net/bytebuddy/byte-buddy/1.8.15/byte-buddy-1.8.15.jar:/Users/cloudprimero/.m2/repository/org/apache/commons/commons-exec/1.3/commons-exec-1.3.jar:/Users/cloudprimero/.m2/repository/com/google/guava/guava/25.0-jre/guava-25.0-jre.jar:/Users/cloudprimero/.m2/repository/com/google/code/findbugs/jsr305/1.3.9/jsr305-1.3.9.jar:/Users/cloudprimero/.m2/repository/org/checkerframework/checker-compat-qual/2.0.0/checker-compat-qual-2.0.0.jar:/Users/cloudprimero/.m2/repository/com/google/errorprone/error_prone_annotations/2.1.3/error_prone_annotations-2.1.3.jar:/Users/cloudprimero/.m2/repository/com/google/j2objc/j2objc-annotations/1.1/j2objc-annotations-1.1.jar:/Users/cloudprimero/.m2/repository/org/codehaus/mojo/animal-sniffer-annotations/1.14/animal-sniffer-annotations-1.14.jar:/Users/cloudprimero/.m2/repository/com/squareup/okhttp3/okhttp/3.11.0/okhttp-3.11.0.jar:/Users/cloudprimero/.m2/repository/com/squareup/okio/okio/1.14.0/okio-1.14.0.jar:/Users/cloudprimero/.m2/repository/io/github/bonigarcia/webdrivermanager/4.4.3/webdrivermanager-4.4.3.jar:/Users/cloudprimero/.m2/repository/org/slf4j/slf4j-api/1.7.30/slf4j-api-1.7.30.jar:/Users/cloudprimero/.m2/repository/commons-io/commons-io/2.8.0/commons-io-2.8.0.jar:/Users/cloudprimero/.m2/repository/com/google/code/gson/gson/2.8.6/gson-2.8.6.jar:/Users/cloudprimero/.m2/repository/org/apache/commons/commons-lang3/3.12.0/commons-lang3-3.12.0.jar:/Users/cloudprimero/.m2/repository/org/apache/httpcomponents/client5/httpclient5/5.0.3/httpclient5-5.0.3.jar:/Users/cloudprimero/.m2/repository/org/apache/httpcomponents/core5/httpcore5/5.0.2/httpcore5-5.0.2.jar:/Users/cloudprimero/.m2/repository/org/apache/httpcomponents/core5/httpcore5-h2/5.0.2/httpcore5-h2-5.0.2.jar:/Users/cloudprimero/.m2/repository/commons-codec/commons-codec/1.13/commons-codec-1.13.jar:/Users/cloudprimero/.m2/repository/org/rauschig/jarchivelib/1.1.0/jarchivelib-1.1.0.jar:/Users/cloudprimero/.m2/repository/org/apache/commons/commons-compress/1.20/commons-compress-1.20.jar:/Users/cloudprimero/.m2/repository/org/jsoup/jsoup/1.13.1/jsoup-1.13.1.jar:/Users/cloudprimero/.m2/repository/io/cucumber/cucumber-picocontainer/6.10.4/cucumber-picocontainer-6.10.4.jar:/Users/cloudprimero/.m2/repository/org/picocontainer/picocontainer/2.15/picocontainer-2.15.jar:"/>
    <property name="java.vm.vendor" value="Oracle Corporation"/>
    <property name="sun.arch.data.model" value="64"/>
    <property name="java.vendor.url" value="https://openjdk.java.net/"/>
    <property name="user.timezone" value=""/>
    <property name="java.vm.specification.version" value="11"/>
    <property name="os.name" value="Mac OS X"/>
    <property name="sun.java.launcher" value="SUN_STANDARD"/>
    <property name="user.country" value="AE"/>
    <property name="sun.boot.library.path" value="/Library/Java/JavaVirtualMachines/jdk-11.0.15.1.jdk/Contents/Home/lib"/>
    <property name="sun.java.command" value="/Users/cloudprimero/IdeaProjects/SWAssessmentSauceDemo/target/surefire/surefirebooter5626836375305098595.jar /Users/cloudprimero/IdeaProjects/SWAssessmentSauceDemo/target/surefire 2023-03-31T04-02-02_613-jvmRun1 surefire7680991295649196343tmp surefire_09160431033420344550tmp"/>
    <property name="http.nonProxyHosts" value="local|*.local|169.254/16|*.169.254/16"/>
    <property name="jdk.debug" value="release"/>
    <property name="surefire.test.class.path" value="/Users/cloudprimero/IdeaProjects/SWAssessmentSauceDemo/target/test-classes:/Users/cloudprimero/IdeaProjects/SWAssessmentSauceDemo/target/classes:/Users/cloudprimero/.m2/repository/io/cucumber/cucumber-java/6.10.4/cucumber-java-6.10.4.jar:/Users/cloudprimero/.m2/repository/io/cucumber/cucumber-core/6.10.4/cucumber-core-6.10.4.jar:/Users/cloudprimero/.m2/repository/io/cucumber/cucumber-gherkin/6.10.4/cucumber-gherkin-6.10.4.jar:/Users/cloudprimero/.m2/repository/io/cucumber/cucumber-gherkin-messages/6.10.4/cucumber-gherkin-messages-6.10.4.jar:/Users/cloudprimero/.m2/repository/io/cucumber/messages/15.0.0/messages-15.0.0.jar:/Users/cloudprimero/.m2/repository/io/cucumber/tag-expressions/3.0.1/tag-expressions-3.0.1.jar:/Users/cloudprimero/.m2/repository/io/cucumber/cucumber-expressions/10.3.0/cucumber-expressions-10.3.0.jar:/Users/cloudprimero/.m2/repository/io/cucumber/datatable/3.5.0/datatable-3.5.0.jar:/Users/cloudprimero/.m2/repository/io/cucumber/cucumber-plugin/6.10.4/cucumber-plugin-6.10.4.jar:/Users/cloudprimero/.m2/repository/io/cucumber/docstring/6.10.4/docstring-6.10.4.jar:/Users/cloudprimero/.m2/repository/io/cucumber/html-formatter/13.0.0/html-formatter-13.0.0.jar:/Users/cloudprimero/.m2/repository/io/cucumber/create-meta/4.0.0/create-meta-4.0.0.jar:/Users/cloudprimero/.m2/repository/org/apiguardian/apiguardian-api/1.1.1/apiguardian-api-1.1.1.jar:/Users/cloudprimero/.m2/repository/io/cucumber/cucumber-testng/6.10.4/cucumber-testng-6.10.4.jar:/Users/cloudprimero/.m2/repository/org/testng/testng/7.4.0/testng-7.4.0.jar:/Users/cloudprimero/.m2/repository/com/beust/jcommander/1.78/jcommander-1.78.jar:/Users/cloudprimero/.m2/repository/org/webjars/jquery/3.5.1/jquery-3.5.1.jar:/Users/cloudprimero/.m2/repository/org/seleniumhq/selenium/selenium-java/3.141.59/selenium-java-3.141.59.jar:/Users/cloudprimero/.m2/repository/org/seleniumhq/selenium/selenium-api/3.141.59/selenium-api-3.141.59.jar:/Users/cloudprimero/.m2/repository/org/seleniumhq/selenium/selenium-chrome-driver/3.141.59/selenium-chrome-driver-3.141.59.jar:/Users/cloudprimero/.m2/repository/org/seleniumhq/selenium/selenium-edge-driver/3.141.59/selenium-edge-driver-3.141.59.jar:/Users/cloudprimero/.m2/repository/org/seleniumhq/selenium/selenium-firefox-driver/3.141.59/selenium-firefox-driver-3.141.59.jar:/Users/cloudprimero/.m2/repository/org/seleniumhq/selenium/selenium-ie-driver/3.141.59/selenium-ie-driver-3.141.59.jar:/Users/cloudprimero/.m2/repository/org/seleniumhq/selenium/selenium-opera-driver/3.141.59/selenium-opera-driver-3.141.59.jar:/Users/cloudprimero/.m2/repository/org/seleniumhq/selenium/selenium-remote-driver/3.141.59/selenium-remote-driver-3.141.59.jar:/Users/cloudprimero/.m2/repository/org/seleniumhq/selenium/selenium-safari-driver/3.141.59/selenium-safari-driver-3.141.59.jar:/Users/cloudprimero/.m2/repository/org/seleniumhq/selenium/selenium-support/3.141.59/selenium-support-3.141.59.jar:/Users/cloudprimero/.m2/repository/net/bytebuddy/byte-buddy/1.8.15/byte-buddy-1.8.15.jar:/Users/cloudprimero/.m2/repository/org/apache/commons/commons-exec/1.3/commons-exec-1.3.jar:/Users/cloudprimero/.m2/repository/com/google/guava/guava/25.0-jre/guava-25.0-jre.jar:/Users/cloudprimero/.m2/repository/com/google/code/findbugs/jsr305/1.3.9/jsr305-1.3.9.jar:/Users/cloudprimero/.m2/repository/org/checkerframework/checker-compat-qual/2.0.0/checker-compat-qual-2.0.0.jar:/Users/cloudprimero/.m2/repository/com/google/errorprone/error_prone_annotations/2.1.3/error_prone_annotations-2.1.3.jar:/Users/cloudprimero/.m2/repository/com/google/j2objc/j2objc-annotations/1.1/j2objc-annotations-1.1.jar:/Users/cloudprimero/.m2/repository/org/codehaus/mojo/animal-sniffer-annotations/1.14/animal-sniffer-annotations-1.14.jar:/Users/cloudprimero/.m2/repository/com/squareup/okhttp3/okhttp/3.11.0/okhttp-3.11.0.jar:/Users/cloudprimero/.m2/repository/com/squareup/okio/okio/1.14.0/okio-1.14.0.jar:/Users/cloudprimero/.m2/repository/io/github/bonigarcia/webdrivermanager/4.4.3/webdrivermanager-4.4.3.jar:/Users/cloudprimero/.m2/repository/org/slf4j/slf4j-api/1.7.30/slf4j-api-1.7.30.jar:/Users/cloudprimero/.m2/repository/commons-io/commons-io/2.8.0/commons-io-2.8.0.jar:/Users/cloudprimero/.m2/repository/com/google/code/gson/gson/2.8.6/gson-2.8.6.jar:/Users/cloudprimero/.m2/repository/org/apache/commons/commons-lang3/3.12.0/commons-lang3-3.12.0.jar:/Users/cloudprimero/.m2/repository/org/apache/httpcomponents/client5/httpclient5/5.0.3/httpclient5-5.0.3.jar:/Users/cloudprimero/.m2/repository/org/apache/httpcomponents/core5/httpcore5/5.0.2/httpcore5-5.0.2.jar:/Users/cloudprimero/.m2/repository/org/apache/httpcomponents/core5/httpcore5-h2/5.0.2/httpcore5-h2-5.0.2.jar:/Users/cloudprimero/.m2/repository/commons-codec/commons-codec/1.13/commons-codec-1.13.jar:/Users/cloudprimero/.m2/repository/org/rauschig/jarchivelib/1.1.0/jarchivelib-1.1.0.jar:/Users/cloudprimero/.m2/repository/org/apache/commons/commons-compress/1.20/commons-compress-1.20.jar:/Users/cloudprimero/.m2/repository/org/jsoup/jsoup/1.13.1/jsoup-1.13.1.jar:/Users/cloudprimero/.m2/repository/io/cucumber/cucumber-picocontainer/6.10.4/cucumber-picocontainer-6.10.4.jar:/Users/cloudprimero/.m2/repository/org/picocontainer/picocontainer/2.15/picocontainer-2.15.jar:"/>
    <property name="sun.cpu.endian" value="little"/>
    <property name="user.home" value="/Users/cloudprimero"/>
    <property name="user.language" value="en"/>
    <property name="java.specification.vendor" value="Oracle Corporation"/>
    <property name="java.version.date" value="2022-04-22"/>
    <property name="java.home" value="/Library/Java/JavaVirtualMachines/jdk-11.0.15.1.jdk/Contents/Home"/>
    <property name="file.separator" value="/"/>
    <property name="basedir" value="/Users/cloudprimero/IdeaProjects/SWAssessmentSauceDemo"/>
    <property name="java.vm.compressedOopsMode" value="Zero based"/>
    <property name="line.separator" value="&#10;"/>
    <property name="java.specification.name" value="Java Platform API Specification"/>
    <property name="java.vm.specification.vendor" value="Oracle Corporation"/>
    <property name="java.awt.graphicsenv" value="sun.awt.CGraphicsEnvironment"/>
    <property name="surefire.real.class.path" value="/Users/cloudprimero/IdeaProjects/SWAssessmentSauceDemo/target/surefire/surefirebooter5626836375305098595.jar"/>
    <property name="sun.management.compiler" value="HotSpot 64-Bit Tiered Compilers"/>
    <property name="ftp.nonProxyHosts" value="local|*.local|169.254/16|*.169.254/16"/>
    <property name="java.runtime.version" value="11.0.15.1+2-LTS-10"/>
    <property name="user.name" value="cloudprimero"/>
    <property name="path.separator" value=":"/>
    <property name="os.version" value="12.5.1"/>
    <property name="java.runtime.name" value="Java(TM) SE Runtime Environment"/>
    <property name="file.encoding" value="US-ASCII"/>
    <property name="java.vm.name" value="Java HotSpot(TM) 64-Bit Server VM"/>
    <property name="java.vendor.version" value="18.9"/>
    <property name="localRepository" value="/Users/cloudprimero/.m2/repository"/>
    <property name="java.vendor.url.bug" value="https://bugreport.java.com/bugreport/"/>
    <property name="java.io.tmpdir" value="/var/folders/t2/rfdb7cgn30598km22p9c80w80000gn/T/"/>
    <property name="java.version" value="11.0.15.1"/>
    <property name="user.dir" value="/Users/cloudprimero/IdeaProjects/SWAssessmentSauceDemo"/>
    <property name="os.arch" value="x86_64"/>
    <property name="java.vm.specification.name" value="Java Virtual Machine Specification"/>
    <property name="java.awt.printerjob" value="sun.lwawt.macosx.CPrinterJob"/>
    <property name="sun.os.patch.level" value="unknown"/>
    <property name="java.library.path" value="/Users/cloudprimero/Library/Java/Extensions:/Library/Java/Extensions:/Network/Library/Java/Extensions:/System/Library/Java/Extensions:/usr/lib/java:."/>
    <property name="java.vendor" value="Oracle Corporation"/>
    <property name="java.vm.info" value="mixed mode"/>
    <property name="java.vm.version" value="11.0.15.1+2-LTS-10"/>
    <property name="sun.io.unicode.encoding" value="UnicodeBig"/>
    <property name="java.class.version" value="55.0"/>
    <property name="socksNonProxyHosts" value="local|*.local|169.254/16|*.169.254/16"/>
  </properties>
  <testcase name="runScenario" classname="Runners.TestRunner" time="15.385"/>
  <testcase name="runScenario" classname="Runners.TestRunner" time="2.99"/>
  <testcase name="runScenario" classname="Runners.TestRunner" time="4.159"/>
  <testcase name="runScenario" classname="Runners.TestRunner" time="0.056"/>
  <testcase name="runScenario" classname="Runners.TestRunner" time="8.156"/>
  <testcase name="runScenario" classname="Runners.TestRunner" time="6.083"/>
  <testcase name="runScenario" classname="Runners.TestRunner" time="5.14"/>
  <testcase name="runScenario" classname="Runners.TestRunner" time="0.013"/>
  <testcase name="runScenario" classname="Runners.TestRunner" time="8.661"/>
  <testcase name="runScenario" classname="Runners.TestRunner" time="0.761"/>
  <testcase name="runScenario" classname="Runners.TestRunner" time="6.114"/>
  <testcase name="runScenario" classname="Runners.TestRunner" time="7.186"/>
  <testcase name="runScenario" classname="Runners.TestRunner" time="14.533"/>
  <testcase name="runScenario" classname="Runners.TestRunner" time="17.811"/>
</testsuite>