<?xml version="1.0" encoding="UTF-8"?>
<!-- Generated by org.testng.reporters.JUnitReportReporter -->
<testsuite hostname="CloudPrimeros-MacBook-Pro.local" failures="0" tests="14" name="Runners.TestRunner" time="245.070" errors="0" timestamp="2023-03-31T04:08:34 PKT" skipped="0">
  <testcase classname="Runners.TestRunner" name="runScenario" time="18.144"/>
  <system-out/>
  <testcase classname="Runners.TestRunner" name="runScenario" time="21.060"/>
  <system-out/>
  <testcase classname="Runners.TestRunner" name="runScenario" time="20.310"/>
  <system-out/>
  <testcase classname="Runners.TestRunner" name="runScenario" time="15.461"/>
  <system-out/>
  <testcase classname="Runners.TestRunner" name="runScenario" time="16.757"/>
  <system-out/>
  <testcase classname="Runners.TestRunner" name="runScenario" time="18.446"/>
  <system-out/>
  <testcase classname="Runners.TestRunner" name="runScenario" time="16.474"/>
  <system-out/>
  <testcase classname="Runners.TestRunner" name="runScenario" time="13.481"/>
  <system-out/>
  <testcase classname="Runners.TestRunner" name="runScenario" time="17.266"/>
  <system-out/>
  <testcase classname="Runners.TestRunner" name="runScenario" time="16.911"/>
  <system-out/>
  <testcase classname="Runners.TestRunner" name="runScenario" time="18.370"/>
  <system-out/>
  <testcase classname="Runners.TestRunner" name="runScenario" time="15.808"/>
  <system-out/>
  <testcase classname="Runners.TestRunner" name="runScenario" time="21.781"/>
  <system-out/>
  <testcase classname="Runners.TestRunner" name="runScenario" time="14.801"/>
  <system-out/>
</testsuite> <!-- Runners.TestRunner -->
