<?xml version="1.0" encoding="UTF-8"?>
<!-- Generated by org.testng.reporters.JUnitReportReporter -->
<testsuite hostname="CloudPrimeros-MacBook-Pro.local" failures="0" tests="14" name="Runners.TestRunner" time="251.343" errors="0" timestamp="2023-03-31T04:03:14 PKT" skipped="0">
  <testcase classname="Runners.TestRunner" name="runScenario" time="15.296"/>
  <system-out/>
  <testcase classname="Runners.TestRunner" name="runScenario" time="22.552"/>
  <system-out/>
  <testcase classname="Runners.TestRunner" name="runScenario" time="15.551"/>
  <system-out/>
  <testcase classname="Runners.TestRunner" name="runScenario" time="14.577"/>
  <system-out/>
  <testcase classname="Runners.TestRunner" name="runScenario" time="19.899"/>
  <system-out/>
  <testcase classname="Runners.TestRunner" name="runScenario" time="22.605"/>
  <system-out/>
  <testcase classname="Runners.TestRunner" name="runScenario" time="18.391"/>
  <system-out/>
  <testcase classname="Runners.TestRunner" name="runScenario" time="18.459"/>
  <system-out/>
  <testcase classname="Runners.TestRunner" name="runScenario" time="17.812"/>
  <system-out/>
  <testcase classname="Runners.TestRunner" name="runScenario" time="19.395"/>
  <system-out/>
  <testcase classname="Runners.TestRunner" name="runScenario" time="15.378"/>
  <system-out/>
  <testcase classname="Runners.TestRunner" name="runScenario" time="15.380"/>
  <system-out/>
  <testcase classname="Runners.TestRunner" name="runScenario" time="19.438"/>
  <system-out/>
  <testcase classname="Runners.TestRunner" name="runScenario" time="16.610"/>
  <system-out/>
</testsuite> <!-- Runners.TestRunner -->
